2024-12-30 14:04:51,292 INFO main control - pipeline log is pipeline.log
2024-12-30 14:04:51,293 INFO main experiment - output generated by pipeline_test.py show \
                                              job started at Mon Dec 30 14:04:51 2024 on 11.local -- 614dc909-65b0-4dbb-ae75-d93b7d473955 \
                                              pid: 9968, system: Darwin 21.6.0 Darwin Kernel Version 21.6.0: Mon Jun 24 00:56:10 PDT 2024; root:xnu-8020.240.18.709.2~1/RELEASE_X86_64 x86_64
2024-12-30 14:04:51,293 INFO main experiment - always_mount                            : False \
                                              cluster_memory_default                  : unlimited \
                                              cluster_memory_resource                 : None \
                                              cluster_num_jobs                        : None \
                                              cluster_options                         : None \
                                              cluster_parallel_environment            : None \
                                              cluster_priority                        : None \
                                              cluster_queue                           : None \
                                              cluster_queue_manager                   : sge \
                                              config_file                             : pipeline.yml \
                                              debug                                   : False \
                                              dry_run                                 : False \
                                              engine                                  : local \
                                              exceptions_terminate_immediately        : None \
                                              force_run                               : False \
                                              input_globs                             : [] \
                                              input_validation                        : False \
                                              is_test                                 : False \
                                              log_config_filename                     : None \
                                              log_exceptions                          : True \
                                              loglevel                                : 1 \
                                              multiprocess                            : None \
                                              only_info                               : False \
                                              pipeline_action                         : None \
                                              pipeline_format                         : svg \
                                              pipeline_logfile                        : pipeline.log \
                                              pipeline_targets                        : [] \
                                              random_seed                             : None \
                                              ruffus_checksums_level                  : 0 \
                                              shell_logfile                           : None \
                                              short_help                              : None \
                                              stderr                                  : <_io.TextIOWrapper name='<stderr>' mode='w' encoding='utf-8'> \
                                              stdin                                   : <_io.TextIOWrapper name='<stdin>' mode='r' encoding='utf-8'> \
                                              stdlog                                  : <_io.TextIOWrapper name='<stdout>' mode='w' encoding='utf-8'> \
                                              stdout                                  : <_io.TextIOWrapper name='<stdout>' mode='w' encoding='utf-8'> \
                                              terminate                               : None \
                                              timeit_file                             : None \
                                              timeit_header                           : None \
                                              timeit_name                             : all \
                                              tracing                                 : None \
                                              variables_to_set                        : [] \
                                              without_cluster                         : False \
                                              work_dir                                : None
2024-12-30 14:04:51,293 INFO main control - started in directory: /Users/antoniob/Documents/work/science/devel/github/antoniojbt/oferta_educativa_laboral/oferta_educativa_laboral/pipeline
2024-12-30 14:04:51,293 INFO main control - output generated by pipeline_test.py show \
                                           job started at Mon Dec 30 14:04:51 2024 on 11.local -- 614dc909-65b0-4dbb-ae75-d93b7d473955 \
                                           pid: 9968, system: Darwin 21.6.0 Darwin Kernel Version 21.6.0: Mon Jun 24 00:56:10 PDT 2024; root:xnu-8020.240.18.709.2~1/RELEASE_X86_64 x86_64
2024-12-30 14:04:51,293 INFO main control - cluster                                 : {'queue': 'all.q', 'priority': -10, 'num_jobs': 100, 'memory_resource': 'mem_free', 'memory_default': 'unlimited', 'memory_ulimit': False, 'options': '', 'parallel_environment': 'dedicated', 'queue_manager': 'sge', 'tmpdir': False} \
                                           cluster_memory_default                  : 4G \
                                           cluster_memory_resource                 : mem_free \
                                           cluster_memory_ulimit                   : False \
                                           cluster_num_jobs                        : 100 \
                                           cluster_options                         :  \
                                           cluster_parallel_environment            : dedicated \
                                           cluster_priority                        : -10 \
                                           cluster_queue                           : all.q \
                                           cluster_queue_manager                   : sge \
                                           cluster_tmpdir                          : False \
                                           database                                : {'url': 'sqlite:///./csvdb'} \
                                           database_url                            : sqlite:///./csvdb \
                                           dryrun                                  : False \
                                           input_globs                             : {} \
                                           jobs_limit_R                            : 1 \
                                           jobs_limit_db                           : 10 \
                                           os                                      : Darwin \
                                           pipeline_name                           : pipeline_test.py \
                                           pipeline_yml                            : [] \
                                           pipelinedir                             : /Users/antoniob/Documents/work/science/devel/github/antoniojbt/oferta_educativa_laboral/oferta_educativa_laboral/pipeline \
                                           ruffus_checksums_level                  : 0 \
                                           scriptsdir                              : /Users/antoniob/mambaforge/envs/cgat/lib/python3.13/site-packages/scripts \
                                           shared_tmpdir                           : /Users/antoniob/Documents/work/science/devel/github/antoniojbt/oferta_educativa_laboral/oferta_educativa_laboral/pipeline \
                                           shell_logfile                           : None \
                                           start_dir                               : /Users/antoniob/Documents/work/science/devel/github/antoniojbt/oferta_educativa_laboral/oferta_educativa_laboral/pipeline \
                                           testing                                 : False \
                                           tmpdir                                  : /var/folders/30/kp735dw93yv6cmqfz0blfjw40000gp/T/ \
                                           toolsdir                                : /Users/antoniob/mambaforge/envs/cgat/lib/python3.13/site-packages/scripts \
                                           work_dir                                : /Users/antoniob/Documents/work/science/devel/github/antoniojbt/oferta_educativa_laboral/oferta_educativa_laboral/pipeline
2024-12-30 14:04:51,316 INFO main control - code location: /Users/antoniob/mambaforge/envs/cgat/lib/python3.13/site-packages/cgatcore/pipeline
2024-12-30 14:04:51,317 INFO main control - code version: 
2024-12-30 14:04:51,317 INFO main control - working directory is: /Users/antoniob/Documents/work/science/devel/github/antoniojbt/oferta_educativa_laboral/oferta_educativa_laboral/pipeline
2024-12-30 14:04:51,318 INFO main control - changing directory to /Users/antoniob/Documents/work/science/devel/github/antoniojbt/oferta_educativa_laboral/oferta_educativa_laboral/pipeline
2024-12-30 14:04:51,318 INFO main control - pipeline has been initialized
2024-12-30 14:04:51,318 INFO main control - temporary directory is /var/folders/30/kp735dw93yv6cmqfz0blfjw40000gp/T/
2024-12-30 14:04:51,321 INFO main experiment - job finished in 0 seconds at Mon Dec 30 14:04:51 2024 --  0.47  0.14  0.00  0.00 -- 614dc909-65b0-4dbb-ae75-d93b7d473955
2024-12-30 14:05:46,157 INFO main control - pipeline log is pipeline.log
2024-12-30 14:05:46,157 INFO main experiment - output generated by pipeline_test.py printconfig \
                                              job started at Mon Dec 30 14:05:46 2024 on 11.local -- 3a2c560b-9345-4982-9a52-308ff09e7cdb \
                                              pid: 9972, system: Darwin 21.6.0 Darwin Kernel Version 21.6.0: Mon Jun 24 00:56:10 PDT 2024; root:xnu-8020.240.18.709.2~1/RELEASE_X86_64 x86_64
2024-12-30 14:05:46,157 INFO main experiment - always_mount                            : False \
                                              cluster_memory_default                  : unlimited \
                                              cluster_memory_resource                 : None \
                                              cluster_num_jobs                        : None \
                                              cluster_options                         : None \
                                              cluster_parallel_environment            : None \
                                              cluster_priority                        : None \
                                              cluster_queue                           : None \
                                              cluster_queue_manager                   : sge \
                                              config_file                             : pipeline.yml \
                                              debug                                   : False \
                                              dry_run                                 : False \
                                              engine                                  : local \
                                              exceptions_terminate_immediately        : None \
                                              force_run                               : False \
                                              input_globs                             : [] \
                                              input_validation                        : False \
                                              is_test                                 : False \
                                              log_config_filename                     : None \
                                              log_exceptions                          : True \
                                              loglevel                                : 1 \
                                              multiprocess                            : None \
                                              only_info                               : False \
                                              pipeline_action                         : None \
                                              pipeline_format                         : svg \
                                              pipeline_logfile                        : pipeline.log \
                                              pipeline_targets                        : [] \
                                              random_seed                             : None \
                                              ruffus_checksums_level                  : 0 \
                                              shell_logfile                           : None \
                                              short_help                              : None \
                                              stderr                                  : <_io.TextIOWrapper name='<stderr>' mode='w' encoding='utf-8'> \
                                              stdin                                   : <_io.TextIOWrapper name='<stdin>' mode='r' encoding='utf-8'> \
                                              stdlog                                  : <_io.TextIOWrapper name='<stdout>' mode='w' encoding='utf-8'> \
                                              stdout                                  : <_io.TextIOWrapper name='<stdout>' mode='w' encoding='utf-8'> \
                                              terminate                               : None \
                                              timeit_file                             : None \
                                              timeit_header                           : None \
                                              timeit_name                             : all \
                                              tracing                                 : None \
                                              variables_to_set                        : [] \
                                              without_cluster                         : False \
                                              work_dir                                : None
2024-12-30 14:05:46,157 INFO main control - started in directory: /Users/antoniob/Documents/work/science/devel/github/antoniojbt/oferta_educativa_laboral/oferta_educativa_laboral/pipeline
2024-12-30 14:05:46,158 INFO main control - output generated by pipeline_test.py printconfig \
                                           job started at Mon Dec 30 14:05:46 2024 on 11.local -- 3a2c560b-9345-4982-9a52-308ff09e7cdb \
                                           pid: 9972, system: Darwin 21.6.0 Darwin Kernel Version 21.6.0: Mon Jun 24 00:56:10 PDT 2024; root:xnu-8020.240.18.709.2~1/RELEASE_X86_64 x86_64
2024-12-30 14:05:46,158 INFO main control - cluster                                 : {'queue': 'all.q', 'priority': -10, 'num_jobs': 100, 'memory_resource': 'mem_free', 'memory_default': 'unlimited', 'memory_ulimit': False, 'options': '', 'parallel_environment': 'dedicated', 'queue_manager': 'sge', 'tmpdir': False} \
                                           cluster_memory_default                  : 4G \
                                           cluster_memory_resource                 : mem_free \
                                           cluster_memory_ulimit                   : False \
                                           cluster_num_jobs                        : 100 \
                                           cluster_options                         :  \
                                           cluster_parallel_environment            : dedicated \
                                           cluster_priority                        : -10 \
                                           cluster_queue                           : all.q \
                                           cluster_queue_manager                   : sge \
                                           cluster_tmpdir                          : False \
                                           database                                : {'url': 'sqlite:///./csvdb'} \
                                           database_url                            : sqlite:///./csvdb \
                                           dryrun                                  : False \
                                           input_globs                             : {} \
                                           jobs_limit_R                            : 1 \
                                           jobs_limit_db                           : 10 \
                                           os                                      : Darwin \
                                           pipeline_name                           : pipeline_test.py \
                                           pipeline_yml                            : [] \
                                           pipelinedir                             : /Users/antoniob/Documents/work/science/devel/github/antoniojbt/oferta_educativa_laboral/oferta_educativa_laboral/pipeline \
                                           ruffus_checksums_level                  : 0 \
                                           scriptsdir                              : /Users/antoniob/mambaforge/envs/cgat/lib/python3.13/site-packages/scripts \
                                           shared_tmpdir                           : /Users/antoniob/Documents/work/science/devel/github/antoniojbt/oferta_educativa_laboral/oferta_educativa_laboral/pipeline \
                                           shell_logfile                           : None \
                                           start_dir                               : /Users/antoniob/Documents/work/science/devel/github/antoniojbt/oferta_educativa_laboral/oferta_educativa_laboral/pipeline \
                                           testing                                 : False \
                                           tmpdir                                  : /var/folders/30/kp735dw93yv6cmqfz0blfjw40000gp/T/ \
                                           toolsdir                                : /Users/antoniob/mambaforge/envs/cgat/lib/python3.13/site-packages/scripts \
                                           work_dir                                : /Users/antoniob/Documents/work/science/devel/github/antoniojbt/oferta_educativa_laboral/oferta_educativa_laboral/pipeline
2024-12-30 14:05:46,175 INFO main control - code location: /Users/antoniob/mambaforge/envs/cgat/lib/python3.13/site-packages/cgatcore/pipeline
2024-12-30 14:05:46,176 INFO main control - code version: 
2024-12-30 14:05:46,176 INFO main control - working directory is: /Users/antoniob/Documents/work/science/devel/github/antoniojbt/oferta_educativa_laboral/oferta_educativa_laboral/pipeline
2024-12-30 14:05:46,176 INFO main control - changing directory to /Users/antoniob/Documents/work/science/devel/github/antoniojbt/oferta_educativa_laboral/oferta_educativa_laboral/pipeline
2024-12-30 14:05:46,176 INFO main control - pipeline has been initialized
2024-12-30 14:05:46,176 INFO main control - temporary directory is /var/folders/30/kp735dw93yv6cmqfz0blfjw40000gp/T/
2024-12-30 14:05:46,177 INFO main experiment - job finished in 0 seconds at Mon Dec 30 14:05:46 2024 --  0.47  0.14  0.00  0.00 -- 3a2c560b-9345-4982-9a52-308ff09e7cdb
2024-12-30 14:07:08,177 INFO main control - pipeline log is pipeline.log
2024-12-30 14:07:08,177 INFO main experiment - output generated by pipeline_test.py make full --local \
                                              job started at Mon Dec 30 14:07:08 2024 on 11.local -- d1c525a5-d0dc-4805-8244-95d1350863e4 \
                                              pid: 9979, system: Darwin 21.6.0 Darwin Kernel Version 21.6.0: Mon Jun 24 00:56:10 PDT 2024; root:xnu-8020.240.18.709.2~1/RELEASE_X86_64 x86_64
2024-12-30 14:07:08,177 INFO main experiment - always_mount                            : False \
                                              cluster_memory_default                  : unlimited \
                                              cluster_memory_resource                 : None \
                                              cluster_num_jobs                        : None \
                                              cluster_options                         : None \
                                              cluster_parallel_environment            : None \
                                              cluster_priority                        : None \
                                              cluster_queue                           : None \
                                              cluster_queue_manager                   : sge \
                                              config_file                             : pipeline.yml \
                                              debug                                   : False \
                                              dry_run                                 : False \
                                              engine                                  : local \
                                              exceptions_terminate_immediately        : None \
                                              force_run                               : False \
                                              input_globs                             : [] \
                                              input_validation                        : False \
                                              is_test                                 : False \
                                              log_config_filename                     : None \
                                              log_exceptions                          : True \
                                              loglevel                                : 1 \
                                              multiprocess                            : None \
                                              only_info                               : False \
                                              pipeline_action                         : None \
                                              pipeline_format                         : svg \
                                              pipeline_logfile                        : pipeline.log \
                                              pipeline_targets                        : [] \
                                              random_seed                             : None \
                                              ruffus_checksums_level                  : 0 \
                                              shell_logfile                           : None \
                                              short_help                              : None \
                                              stderr                                  : <_io.TextIOWrapper name='<stderr>' mode='w' encoding='utf-8'> \
                                              stdin                                   : <_io.TextIOWrapper name='<stdin>' mode='r' encoding='utf-8'> \
                                              stdlog                                  : <_io.TextIOWrapper name='<stdout>' mode='w' encoding='utf-8'> \
                                              stdout                                  : <_io.TextIOWrapper name='<stdout>' mode='w' encoding='utf-8'> \
                                              terminate                               : None \
                                              timeit_file                             : None \
                                              timeit_header                           : None \
                                              timeit_name                             : all \
                                              tracing                                 : None \
                                              variables_to_set                        : [] \
                                              without_cluster                         : True \
                                              work_dir                                : None
2024-12-30 14:07:08,178 INFO main control - started in directory: /Users/antoniob/Documents/work/science/devel/github/antoniojbt/oferta_educativa_laboral/oferta_educativa_laboral/pipeline
2024-12-30 14:07:08,178 INFO main control - output generated by pipeline_test.py make full --local \
                                           job started at Mon Dec 30 14:07:08 2024 on 11.local -- d1c525a5-d0dc-4805-8244-95d1350863e4 \
                                           pid: 9979, system: Darwin 21.6.0 Darwin Kernel Version 21.6.0: Mon Jun 24 00:56:10 PDT 2024; root:xnu-8020.240.18.709.2~1/RELEASE_X86_64 x86_64
2024-12-30 14:07:08,178 INFO main control - cluster                                 : {'queue': 'all.q', 'priority': -10, 'num_jobs': 100, 'memory_resource': 'mem_free', 'memory_default': 'unlimited', 'memory_ulimit': False, 'options': '', 'parallel_environment': 'dedicated', 'queue_manager': 'sge', 'tmpdir': False} \
                                           cluster_memory_default                  : 4G \
                                           cluster_memory_resource                 : mem_free \
                                           cluster_memory_ulimit                   : False \
                                           cluster_num_jobs                        : 100 \
                                           cluster_options                         :  \
                                           cluster_parallel_environment            : dedicated \
                                           cluster_priority                        : -10 \
                                           cluster_queue                           : all.q \
                                           cluster_queue_manager                   : sge \
                                           cluster_tmpdir                          : False \
                                           database                                : {'url': 'sqlite:///./csvdb'} \
                                           database_url                            : sqlite:///./csvdb \
                                           dryrun                                  : False \
                                           input_globs                             : {} \
                                           jobs_limit_R                            : 1 \
                                           jobs_limit_db                           : 10 \
                                           os                                      : Darwin \
                                           pipeline_name                           : pipeline_test.py \
                                           pipeline_yml                            : [] \
                                           pipelinedir                             : /Users/antoniob/Documents/work/science/devel/github/antoniojbt/oferta_educativa_laboral/oferta_educativa_laboral/pipeline \
                                           ruffus_checksums_level                  : 0 \
                                           scriptsdir                              : /Users/antoniob/mambaforge/envs/cgat/lib/python3.13/site-packages/scripts \
                                           shared_tmpdir                           : /Users/antoniob/Documents/work/science/devel/github/antoniojbt/oferta_educativa_laboral/oferta_educativa_laboral/pipeline \
                                           shell_logfile                           : None \
                                           start_dir                               : /Users/antoniob/Documents/work/science/devel/github/antoniojbt/oferta_educativa_laboral/oferta_educativa_laboral/pipeline \
                                           testing                                 : False \
                                           tmpdir                                  : /var/folders/30/kp735dw93yv6cmqfz0blfjw40000gp/T/ \
                                           toolsdir                                : /Users/antoniob/mambaforge/envs/cgat/lib/python3.13/site-packages/scripts \
                                           without_cluster                         : True \
                                           work_dir                                : /Users/antoniob/Documents/work/science/devel/github/antoniojbt/oferta_educativa_laboral/oferta_educativa_laboral/pipeline
2024-12-30 14:07:08,196 INFO main control - code location: /Users/antoniob/mambaforge/envs/cgat/lib/python3.13/site-packages/cgatcore/pipeline
2024-12-30 14:07:08,196 INFO main control - code version: 
2024-12-30 14:07:08,196 INFO main control - working directory is: /Users/antoniob/Documents/work/science/devel/github/antoniojbt/oferta_educativa_laboral/oferta_educativa_laboral/pipeline
2024-12-30 14:07:08,197 INFO main control - changing directory to /Users/antoniob/Documents/work/science/devel/github/antoniojbt/oferta_educativa_laboral/oferta_educativa_laboral/pipeline
2024-12-30 14:07:08,197 INFO main control - pipeline has been initialized
2024-12-30 14:07:08,197 INFO main control - temporary directory is /var/folders/30/kp735dw93yv6cmqfz0blfjw40000gp/T/
2024-12-30 14:07:08,201 INFO main control - current directory is /Users/antoniob/Documents/work/science/devel/github/antoniojbt/oferta_educativa_laboral/oferta_educativa_laboral/pipeline
2024-12-30 14:07:08,813 INFO main task - 
2024-12-30 14:07:08,814 INFO main task - ________________________________________
2024-12-30 14:07:08,814 INFO main task - Tasks which will be run:
2024-12-30 14:07:08,814 INFO main task - 
2024-12-30 14:07:08,814 INFO main task - 
2024-12-30 14:07:08,815 INFO main task - Task enters queue = 'countWords' 
2024-12-30 14:07:58,849 ERROR main control - start of all error messages
2024-12-30 14:07:58,849 ERROR main control -  \
                                                 \
                                                Exceptions generating parameters for \
                                                 \
                                                task = 'countWords' \
                                                 \
                                            Original exception: \
                                             \
                                                Exception #1 \
                                                  'ruffus.ruffus_exceptions.MissingInputFileError(     \
                                                     \
                                                     \
                                                    No way to run job: Input file 'conf.py' does not exist)' raised in ... \
                                                   Task = def countWords(...): \
                                                    \
                                                 \
                                                Traceback (most recent call last): \
                                                  File "/Users/antoniob/mambaforge/envs/cgat/lib/python3.13/site-packages/ruffus/task.py", line 4570, in parameter_generator \
                                                    if not job_needs_to_run(t, params, force_rerun, logger, verbose, job_name, \
                                                           ~~~~~~~~~~~~~~~~^^^^^^^^^^^^^^^^^^^^^^^^^^^^^^^^^^^^^^^^^^^^^^^^^^^ \
                                                                            job_history, verbose_abbreviated_path): \
                                                                            ^^^^^^^^^^^^^^^^^^^^^^^^^^^^^^^^^^^^^^ \
                                                  File "/Users/antoniob/mambaforge/envs/cgat/lib/python3.13/site-packages/ruffus/task.py", line 4410, in job_needs_to_run \
                                                    check_input_files_exist(*params) \
                                                    ~~~~~~~~~~~~~~~~~~~~~~~^^^^^^^^^ \
                                                  File "/Users/antoniob/mambaforge/envs/cgat/lib/python3.13/site-packages/ruffus/file_name_parameters.py", line 391, in check_input_files_exist \
                                                    raise MissingInputFileError("No way to run job: " + \
                                                                                "Input file '%s' does not exist" % f) \
                                                ruffus.ruffus_exceptions.MissingInputFileError:      \
                                                     \
                                                     \
                                                    No way to run job: Input file 'conf.py' does not exist \
                                                 \
                                                
2024-12-30 14:07:58,850 ERROR main control - end of all error messages
2024-12-30 15:02:07,916 INFO main control - pipeline log is pipeline.log
2024-12-30 15:02:07,916 INFO main experiment - output generated by pipeline_oferta_laboral.py show \
                                              job started at Mon Dec 30 15:02:07 2024 on 11.local -- d3b180ce-3558-45cb-bbef-88671f17be14 \
                                              pid: 14093, system: Darwin 21.6.0 Darwin Kernel Version 21.6.0: Mon Jun 24 00:56:10 PDT 2024; root:xnu-8020.240.18.709.2~1/RELEASE_X86_64 x86_64
2024-12-30 15:02:07,916 INFO main experiment - always_mount                            : False \
                                              cluster_memory_default                  : unlimited \
                                              cluster_memory_resource                 : None \
                                              cluster_num_jobs                        : None \
                                              cluster_options                         : None \
                                              cluster_parallel_environment            : None \
                                              cluster_priority                        : None \
                                              cluster_queue                           : None \
                                              cluster_queue_manager                   : sge \
                                              config_file                             : pipeline.yml \
                                              debug                                   : False \
                                              dry_run                                 : False \
                                              engine                                  : local \
                                              exceptions_terminate_immediately        : None \
                                              force_run                               : False \
                                              input_globs                             : [] \
                                              input_validation                        : False \
                                              is_test                                 : False \
                                              log_config_filename                     : None \
                                              log_exceptions                          : True \
                                              loglevel                                : 1 \
                                              multiprocess                            : None \
                                              only_info                               : False \
                                              pipeline_action                         : None \
                                              pipeline_format                         : svg \
                                              pipeline_logfile                        : pipeline.log \
                                              pipeline_targets                        : [] \
                                              random_seed                             : None \
                                              ruffus_checksums_level                  : 0 \
                                              shell_logfile                           : None \
                                              short_help                              : None \
                                              stderr                                  : <_io.TextIOWrapper name='<stderr>' mode='w' encoding='utf-8'> \
                                              stdin                                   : <_io.TextIOWrapper name='<stdin>' mode='r' encoding='utf-8'> \
                                              stdlog                                  : <_io.TextIOWrapper name='<stdout>' mode='w' encoding='utf-8'> \
                                              stdout                                  : <_io.TextIOWrapper name='<stdout>' mode='w' encoding='utf-8'> \
                                              terminate                               : None \
                                              timeit_file                             : None \
                                              timeit_header                           : None \
                                              timeit_name                             : all \
                                              tracing                                 : None \
                                              variables_to_set                        : [] \
                                              without_cluster                         : False \
                                              work_dir                                : None
2024-12-30 15:02:07,916 INFO main control - started in directory: /Users/antoniob/Documents/work/science/devel/github/antoniojbt/oferta_educativa_laboral/oferta_educativa_laboral/pipeline
2024-12-30 15:02:07,917 INFO main control - output generated by pipeline_oferta_laboral.py show \
                                           job started at Mon Dec 30 15:02:07 2024 on 11.local -- d3b180ce-3558-45cb-bbef-88671f17be14 \
                                           pid: 14093, system: Darwin 21.6.0 Darwin Kernel Version 21.6.0: Mon Jun 24 00:56:10 PDT 2024; root:xnu-8020.240.18.709.2~1/RELEASE_X86_64 x86_64
2024-12-30 15:02:07,917 INFO main control - cluster                                 : {'queue': 'all.q', 'priority': -10, 'num_jobs': 100, 'memory_resource': 'mem_free', 'memory_default': 'unlimited', 'memory_ulimit': False, 'options': '', 'parallel_environment': 'dedicated', 'queue_manager': 'sge', 'tmpdir': False} \
                                           cluster_memory_default                  : 4G \
                                           cluster_memory_resource                 : mem_free \
                                           cluster_memory_ulimit                   : False \
                                           cluster_num_jobs                        : 100 \
                                           cluster_options                         :  \
                                           cluster_parallel_environment            : dedicated \
                                           cluster_priority                        : -10 \
                                           cluster_queue                           : all.q \
                                           cluster_queue_manager                   : sge \
                                           cluster_tmpdir                          : False \
                                           database                                : {'url': 'sqlite:///./csvdb'} \
                                           database_url                            : sqlite:///./csvdb \
                                           dryrun                                  : False \
                                           input_globs                             : {} \
                                           jobs_limit_R                            : 1 \
                                           jobs_limit_db                           : 10 \
                                           os                                      : Darwin \
                                           pipeline_name                           : pipeline_oferta_laboral.py \
                                           pipeline_yml                            : [] \
                                           pipelinedir                             : /Users/antoniob/Documents/work/science/devel/github/antoniojbt/oferta_educativa_laboral/oferta_educativa_laboral/pipeline \
                                           ruffus_checksums_level                  : 0 \
                                           scriptsdir                              : /Users/antoniob/mambaforge/envs/cgat/lib/python3.13/site-packages/scripts \
                                           shared_tmpdir                           : /Users/antoniob/Documents/work/science/devel/github/antoniojbt/oferta_educativa_laboral/oferta_educativa_laboral/pipeline \
                                           shell_logfile                           : None \
                                           start_dir                               : /Users/antoniob/Documents/work/science/devel/github/antoniojbt/oferta_educativa_laboral/oferta_educativa_laboral/pipeline \
                                           testing                                 : False \
                                           tmpdir                                  : /var/folders/30/kp735dw93yv6cmqfz0blfjw40000gp/T/ \
                                           toolsdir                                : /Users/antoniob/mambaforge/envs/cgat/lib/python3.13/site-packages/scripts \
                                           work_dir                                : /Users/antoniob/Documents/work/science/devel/github/antoniojbt/oferta_educativa_laboral/oferta_educativa_laboral/pipeline
2024-12-30 15:02:07,943 INFO main control - code location: /Users/antoniob/mambaforge/envs/cgat/lib/python3.13/site-packages/cgatcore/pipeline
2024-12-30 15:02:07,943 INFO main control - code version: 
2024-12-30 15:02:07,944 INFO main control - working directory is: /Users/antoniob/Documents/work/science/devel/github/antoniojbt/oferta_educativa_laboral/oferta_educativa_laboral/pipeline
2024-12-30 15:02:07,944 INFO main control - changing directory to /Users/antoniob/Documents/work/science/devel/github/antoniojbt/oferta_educativa_laboral/oferta_educativa_laboral/pipeline
2024-12-30 15:02:07,944 INFO main control - pipeline has been initialized
2024-12-30 15:02:07,944 INFO main control - temporary directory is /var/folders/30/kp735dw93yv6cmqfz0blfjw40000gp/T/
2024-12-30 15:02:07,948 INFO main experiment - job finished in 0 seconds at Mon Dec 30 15:02:07 2024 --  0.58  0.24  0.00  0.01 -- d3b180ce-3558-45cb-bbef-88671f17be14
2024-12-30 15:07:31,542 INFO main control - pipeline log is pipeline.log
2024-12-30 15:07:31,542 INFO main experiment - output generated by pipeline_oferta_laboral.py show \
                                              job started at Mon Dec 30 15:07:31 2024 on 11.local -- 28e79e6f-f9d4-4152-a156-5f70ba480ee3 \
                                              pid: 14795, system: Darwin 21.6.0 Darwin Kernel Version 21.6.0: Mon Jun 24 00:56:10 PDT 2024; root:xnu-8020.240.18.709.2~1/RELEASE_X86_64 x86_64
2024-12-30 15:07:31,542 INFO main experiment - always_mount                            : False \
                                              cluster_memory_default                  : unlimited \
                                              cluster_memory_resource                 : None \
                                              cluster_num_jobs                        : None \
                                              cluster_options                         : None \
                                              cluster_parallel_environment            : None \
                                              cluster_priority                        : None \
                                              cluster_queue                           : None \
                                              cluster_queue_manager                   : sge \
                                              config_file                             : pipeline.yml \
                                              debug                                   : False \
                                              dry_run                                 : False \
                                              engine                                  : local \
                                              exceptions_terminate_immediately        : None \
                                              force_run                               : False \
                                              input_globs                             : [] \
                                              input_validation                        : False \
                                              is_test                                 : False \
                                              log_config_filename                     : None \
                                              log_exceptions                          : True \
                                              loglevel                                : 1 \
                                              multiprocess                            : None \
                                              only_info                               : False \
                                              pipeline_action                         : None \
                                              pipeline_format                         : svg \
                                              pipeline_logfile                        : pipeline.log \
                                              pipeline_targets                        : [] \
                                              random_seed                             : None \
                                              ruffus_checksums_level                  : 0 \
                                              shell_logfile                           : None \
                                              short_help                              : None \
                                              stderr                                  : <_io.TextIOWrapper name='<stderr>' mode='w' encoding='utf-8'> \
                                              stdin                                   : <_io.TextIOWrapper name='<stdin>' mode='r' encoding='utf-8'> \
                                              stdlog                                  : <_io.TextIOWrapper name='<stdout>' mode='w' encoding='utf-8'> \
                                              stdout                                  : <_io.TextIOWrapper name='<stdout>' mode='w' encoding='utf-8'> \
                                              terminate                               : None \
                                              timeit_file                             : None \
                                              timeit_header                           : None \
                                              timeit_name                             : all \
                                              tracing                                 : None \
                                              variables_to_set                        : [] \
                                              without_cluster                         : False \
                                              work_dir                                : None
2024-12-30 15:07:31,542 INFO main control - started in directory: /Users/antoniob/Documents/work/science/devel/github/antoniojbt/oferta_educativa_laboral/oferta_educativa_laboral/pipeline
2024-12-30 15:07:31,542 INFO main control - output generated by pipeline_oferta_laboral.py show \
                                           job started at Mon Dec 30 15:07:31 2024 on 11.local -- 28e79e6f-f9d4-4152-a156-5f70ba480ee3 \
                                           pid: 14795, system: Darwin 21.6.0 Darwin Kernel Version 21.6.0: Mon Jun 24 00:56:10 PDT 2024; root:xnu-8020.240.18.709.2~1/RELEASE_X86_64 x86_64
2024-12-30 15:07:31,543 INFO main control - cluster                                 : {'queue': 'all.q', 'priority': -10, 'num_jobs': 100, 'memory_resource': 'mem_free', 'memory_default': 'unlimited', 'memory_ulimit': False, 'options': '', 'parallel_environment': 'dedicated', 'queue_manager': 'sge', 'tmpdir': False} \
                                           cluster_memory_default                  : 4G \
                                           cluster_memory_resource                 : mem_free \
                                           cluster_memory_ulimit                   : False \
                                           cluster_num_jobs                        : 100 \
                                           cluster_options                         :  \
                                           cluster_parallel_environment            : dedicated \
                                           cluster_priority                        : -10 \
                                           cluster_queue                           : all.q \
                                           cluster_queue_manager                   : sge \
                                           cluster_tmpdir                          : False \
                                           database                                : {'url': 'sqlite:///./csvdb'} \
                                           database_url                            : sqlite:///./csvdb \
                                           dryrun                                  : False \
                                           input_globs                             : {} \
                                           jobs_limit_R                            : 1 \
                                           jobs_limit_db                           : 10 \
                                           os                                      : Darwin \
                                           pipeline_name                           : pipeline_oferta_laboral.py \
                                           pipeline_yml                            : [] \
                                           pipelinedir                             : /Users/antoniob/Documents/work/science/devel/github/antoniojbt/oferta_educativa_laboral/oferta_educativa_laboral/pipeline \
                                           ruffus_checksums_level                  : 0 \
                                           scriptsdir                              : /Users/antoniob/mambaforge/envs/cgat/lib/python3.13/site-packages/scripts \
                                           shared_tmpdir                           : /Users/antoniob/Documents/work/science/devel/github/antoniojbt/oferta_educativa_laboral/oferta_educativa_laboral/pipeline \
                                           shell_logfile                           : None \
                                           start_dir                               : /Users/antoniob/Documents/work/science/devel/github/antoniojbt/oferta_educativa_laboral/oferta_educativa_laboral/pipeline \
                                           testing                                 : False \
                                           tmpdir                                  : /var/folders/30/kp735dw93yv6cmqfz0blfjw40000gp/T/ \
                                           toolsdir                                : /Users/antoniob/mambaforge/envs/cgat/lib/python3.13/site-packages/scripts \
                                           work_dir                                : /Users/antoniob/Documents/work/science/devel/github/antoniojbt/oferta_educativa_laboral/oferta_educativa_laboral/pipeline
2024-12-30 15:07:31,567 INFO main control - code location: /Users/antoniob/mambaforge/envs/cgat/lib/python3.13/site-packages/cgatcore/pipeline
2024-12-30 15:07:31,568 INFO main control - code version: 
2024-12-30 15:07:31,568 INFO main control - working directory is: /Users/antoniob/Documents/work/science/devel/github/antoniojbt/oferta_educativa_laboral/oferta_educativa_laboral/pipeline
2024-12-30 15:07:31,568 INFO main control - changing directory to /Users/antoniob/Documents/work/science/devel/github/antoniojbt/oferta_educativa_laboral/oferta_educativa_laboral/pipeline
2024-12-30 15:07:31,569 INFO main control - pipeline has been initialized
2024-12-30 15:07:31,569 INFO main control - temporary directory is /var/folders/30/kp735dw93yv6cmqfz0blfjw40000gp/T/
2024-12-30 15:07:31,572 INFO main experiment - job finished in 0 seconds at Mon Dec 30 15:07:31 2024 --  0.50  0.16  0.00  0.01 -- 28e79e6f-f9d4-4152-a156-5f70ba480ee3
2024-12-30 15:07:43,357 INFO main control - pipeline log is pipeline.log
2024-12-30 15:07:43,358 INFO main experiment - output generated by pipeline_oferta_laboral.py show full \
                                              job started at Mon Dec 30 15:07:43 2024 on 11.local -- e6441b1a-ffdb-4059-8e70-cb999101f6d6 \
                                              pid: 14830, system: Darwin 21.6.0 Darwin Kernel Version 21.6.0: Mon Jun 24 00:56:10 PDT 2024; root:xnu-8020.240.18.709.2~1/RELEASE_X86_64 x86_64
2024-12-30 15:07:43,358 INFO main experiment - always_mount                            : False \
                                              cluster_memory_default                  : unlimited \
                                              cluster_memory_resource                 : None \
                                              cluster_num_jobs                        : None \
                                              cluster_options                         : None \
                                              cluster_parallel_environment            : None \
                                              cluster_priority                        : None \
                                              cluster_queue                           : None \
                                              cluster_queue_manager                   : sge \
                                              config_file                             : pipeline.yml \
                                              debug                                   : False \
                                              dry_run                                 : False \
                                              engine                                  : local \
                                              exceptions_terminate_immediately        : None \
                                              force_run                               : False \
                                              input_globs                             : [] \
                                              input_validation                        : False \
                                              is_test                                 : False \
                                              log_config_filename                     : None \
                                              log_exceptions                          : True \
                                              loglevel                                : 1 \
                                              multiprocess                            : None \
                                              only_info                               : False \
                                              pipeline_action                         : None \
                                              pipeline_format                         : svg \
                                              pipeline_logfile                        : pipeline.log \
                                              pipeline_targets                        : [] \
                                              random_seed                             : None \
                                              ruffus_checksums_level                  : 0 \
                                              shell_logfile                           : None \
                                              short_help                              : None \
                                              stderr                                  : <_io.TextIOWrapper name='<stderr>' mode='w' encoding='utf-8'> \
                                              stdin                                   : <_io.TextIOWrapper name='<stdin>' mode='r' encoding='utf-8'> \
                                              stdlog                                  : <_io.TextIOWrapper name='<stdout>' mode='w' encoding='utf-8'> \
                                              stdout                                  : <_io.TextIOWrapper name='<stdout>' mode='w' encoding='utf-8'> \
                                              terminate                               : None \
                                              timeit_file                             : None \
                                              timeit_header                           : None \
                                              timeit_name                             : all \
                                              tracing                                 : None \
                                              variables_to_set                        : [] \
                                              without_cluster                         : False \
                                              work_dir                                : None
2024-12-30 15:07:43,358 INFO main control - started in directory: /Users/antoniob/Documents/work/science/devel/github/antoniojbt/oferta_educativa_laboral/oferta_educativa_laboral/pipeline
2024-12-30 15:07:43,358 INFO main control - output generated by pipeline_oferta_laboral.py show full \
                                           job started at Mon Dec 30 15:07:43 2024 on 11.local -- e6441b1a-ffdb-4059-8e70-cb999101f6d6 \
                                           pid: 14830, system: Darwin 21.6.0 Darwin Kernel Version 21.6.0: Mon Jun 24 00:56:10 PDT 2024; root:xnu-8020.240.18.709.2~1/RELEASE_X86_64 x86_64
2024-12-30 15:07:43,358 INFO main control - cluster                                 : {'queue': 'all.q', 'priority': -10, 'num_jobs': 100, 'memory_resource': 'mem_free', 'memory_default': 'unlimited', 'memory_ulimit': False, 'options': '', 'parallel_environment': 'dedicated', 'queue_manager': 'sge', 'tmpdir': False} \
                                           cluster_memory_default                  : 4G \
                                           cluster_memory_resource                 : mem_free \
                                           cluster_memory_ulimit                   : False \
                                           cluster_num_jobs                        : 100 \
                                           cluster_options                         :  \
                                           cluster_parallel_environment            : dedicated \
                                           cluster_priority                        : -10 \
                                           cluster_queue                           : all.q \
                                           cluster_queue_manager                   : sge \
                                           cluster_tmpdir                          : False \
                                           database                                : {'url': 'sqlite:///./csvdb'} \
                                           database_url                            : sqlite:///./csvdb \
                                           dryrun                                  : False \
                                           input_globs                             : {} \
                                           jobs_limit_R                            : 1 \
                                           jobs_limit_db                           : 10 \
                                           os                                      : Darwin \
                                           pipeline_name                           : pipeline_oferta_laboral.py \
                                           pipeline_yml                            : [] \
                                           pipelinedir                             : /Users/antoniob/Documents/work/science/devel/github/antoniojbt/oferta_educativa_laboral/oferta_educativa_laboral/pipeline \
                                           ruffus_checksums_level                  : 0 \
                                           scriptsdir                              : /Users/antoniob/mambaforge/envs/cgat/lib/python3.13/site-packages/scripts \
                                           shared_tmpdir                           : /Users/antoniob/Documents/work/science/devel/github/antoniojbt/oferta_educativa_laboral/oferta_educativa_laboral/pipeline \
                                           shell_logfile                           : None \
                                           start_dir                               : /Users/antoniob/Documents/work/science/devel/github/antoniojbt/oferta_educativa_laboral/oferta_educativa_laboral/pipeline \
                                           testing                                 : False \
                                           tmpdir                                  : /var/folders/30/kp735dw93yv6cmqfz0blfjw40000gp/T/ \
                                           toolsdir                                : /Users/antoniob/mambaforge/envs/cgat/lib/python3.13/site-packages/scripts \
                                           work_dir                                : /Users/antoniob/Documents/work/science/devel/github/antoniojbt/oferta_educativa_laboral/oferta_educativa_laboral/pipeline
2024-12-30 15:07:43,377 INFO main control - code location: /Users/antoniob/mambaforge/envs/cgat/lib/python3.13/site-packages/cgatcore/pipeline
2024-12-30 15:07:43,377 INFO main control - code version: 
2024-12-30 15:07:43,377 INFO main control - working directory is: /Users/antoniob/Documents/work/science/devel/github/antoniojbt/oferta_educativa_laboral/oferta_educativa_laboral/pipeline
2024-12-30 15:07:43,377 INFO main control - changing directory to /Users/antoniob/Documents/work/science/devel/github/antoniojbt/oferta_educativa_laboral/oferta_educativa_laboral/pipeline
2024-12-30 15:07:43,378 INFO main control - pipeline has been initialized
2024-12-30 15:07:43,378 INFO main control - temporary directory is /var/folders/30/kp735dw93yv6cmqfz0blfjw40000gp/T/
2024-12-30 15:07:43,380 INFO main experiment - job finished in 0 seconds at Mon Dec 30 15:07:43 2024 --  0.50  0.16  0.00  0.00 -- e6441b1a-ffdb-4059-8e70-cb999101f6d6
2024-12-30 15:07:57,780 INFO main control - pipeline log is pipeline.log
2024-12-30 15:07:57,781 INFO main experiment - output generated by pipeline_oferta_laboral.py show full -v 5 \
                                              job started at Mon Dec 30 15:07:57 2024 on 11.local -- d679d6c1-b1c7-4a4b-8101-824d622917b9 \
                                              pid: 14873, system: Darwin 21.6.0 Darwin Kernel Version 21.6.0: Mon Jun 24 00:56:10 PDT 2024; root:xnu-8020.240.18.709.2~1/RELEASE_X86_64 x86_64
2024-12-30 15:07:57,781 INFO main experiment - always_mount                            : False \
                                              cluster_memory_default                  : unlimited \
                                              cluster_memory_resource                 : None \
                                              cluster_num_jobs                        : None \
                                              cluster_options                         : None \
                                              cluster_parallel_environment            : None \
                                              cluster_priority                        : None \
                                              cluster_queue                           : None \
                                              cluster_queue_manager                   : sge \
                                              config_file                             : pipeline.yml \
                                              debug                                   : False \
                                              dry_run                                 : False \
                                              engine                                  : local \
                                              exceptions_terminate_immediately        : None \
                                              force_run                               : False \
                                              input_globs                             : [] \
                                              input_validation                        : False \
                                              is_test                                 : False \
                                              log_config_filename                     : None \
                                              log_exceptions                          : True \
                                              loglevel                                : 5 \
                                              multiprocess                            : None \
                                              only_info                               : False \
                                              pipeline_action                         : None \
                                              pipeline_format                         : svg \
                                              pipeline_logfile                        : pipeline.log \
                                              pipeline_targets                        : [] \
                                              random_seed                             : None \
                                              ruffus_checksums_level                  : 0 \
                                              shell_logfile                           : None \
                                              short_help                              : None \
                                              stderr                                  : <_io.TextIOWrapper name='<stderr>' mode='w' encoding='utf-8'> \
                                              stdin                                   : <_io.TextIOWrapper name='<stdin>' mode='r' encoding='utf-8'> \
                                              stdlog                                  : <_io.TextIOWrapper name='<stdout>' mode='w' encoding='utf-8'> \
                                              stdout                                  : <_io.TextIOWrapper name='<stdout>' mode='w' encoding='utf-8'> \
                                              terminate                               : None \
                                              timeit_file                             : None \
                                              timeit_header                           : None \
                                              timeit_name                             : all \
                                              tracing                                 : None \
                                              variables_to_set                        : [] \
                                              without_cluster                         : False \
                                              work_dir                                : None
2024-12-30 15:07:57,781 INFO main control - started in directory: /Users/antoniob/Documents/work/science/devel/github/antoniojbt/oferta_educativa_laboral/oferta_educativa_laboral/pipeline
2024-12-30 15:07:57,781 INFO main control - output generated by pipeline_oferta_laboral.py show full -v 5 \
                                           job started at Mon Dec 30 15:07:57 2024 on 11.local -- d679d6c1-b1c7-4a4b-8101-824d622917b9 \
                                           pid: 14873, system: Darwin 21.6.0 Darwin Kernel Version 21.6.0: Mon Jun 24 00:56:10 PDT 2024; root:xnu-8020.240.18.709.2~1/RELEASE_X86_64 x86_64
2024-12-30 15:07:57,781 INFO main control - cluster                                 : {'queue': 'all.q', 'priority': -10, 'num_jobs': 100, 'memory_resource': 'mem_free', 'memory_default': 'unlimited', 'memory_ulimit': False, 'options': '', 'parallel_environment': 'dedicated', 'queue_manager': 'sge', 'tmpdir': False} \
                                           cluster_memory_default                  : 4G \
                                           cluster_memory_resource                 : mem_free \
                                           cluster_memory_ulimit                   : False \
                                           cluster_num_jobs                        : 100 \
                                           cluster_options                         :  \
                                           cluster_parallel_environment            : dedicated \
                                           cluster_priority                        : -10 \
                                           cluster_queue                           : all.q \
                                           cluster_queue_manager                   : sge \
                                           cluster_tmpdir                          : False \
                                           database                                : {'url': 'sqlite:///./csvdb'} \
                                           database_url                            : sqlite:///./csvdb \
                                           dryrun                                  : False \
                                           input_globs                             : {} \
                                           jobs_limit_R                            : 1 \
                                           jobs_limit_db                           : 10 \
                                           os                                      : Darwin \
                                           pipeline_name                           : pipeline_oferta_laboral.py \
                                           pipeline_yml                            : [] \
                                           pipelinedir                             : /Users/antoniob/Documents/work/science/devel/github/antoniojbt/oferta_educativa_laboral/oferta_educativa_laboral/pipeline \
                                           ruffus_checksums_level                  : 0 \
                                           scriptsdir                              : /Users/antoniob/mambaforge/envs/cgat/lib/python3.13/site-packages/scripts \
                                           shared_tmpdir                           : /Users/antoniob/Documents/work/science/devel/github/antoniojbt/oferta_educativa_laboral/oferta_educativa_laboral/pipeline \
                                           shell_logfile                           : None \
                                           start_dir                               : /Users/antoniob/Documents/work/science/devel/github/antoniojbt/oferta_educativa_laboral/oferta_educativa_laboral/pipeline \
                                           testing                                 : False \
                                           tmpdir                                  : /var/folders/30/kp735dw93yv6cmqfz0blfjw40000gp/T/ \
                                           toolsdir                                : /Users/antoniob/mambaforge/envs/cgat/lib/python3.13/site-packages/scripts \
                                           work_dir                                : /Users/antoniob/Documents/work/science/devel/github/antoniojbt/oferta_educativa_laboral/oferta_educativa_laboral/pipeline
2024-12-30 15:07:57,799 INFO main control - code location: /Users/antoniob/mambaforge/envs/cgat/lib/python3.13/site-packages/cgatcore/pipeline
2024-12-30 15:07:57,799 INFO main control - code version: 
2024-12-30 15:07:57,799 INFO main control - working directory is: /Users/antoniob/Documents/work/science/devel/github/antoniojbt/oferta_educativa_laboral/oferta_educativa_laboral/pipeline
2024-12-30 15:07:57,799 INFO main control - changing directory to /Users/antoniob/Documents/work/science/devel/github/antoniojbt/oferta_educativa_laboral/oferta_educativa_laboral/pipeline
2024-12-30 15:07:57,800 INFO main control - pipeline has been initialized
2024-12-30 15:07:57,800 DEBUG main control - starting run_workflow with action show
2024-12-30 15:07:57,800 INFO main control - temporary directory is /var/folders/30/kp735dw93yv6cmqfz0blfjw40000gp/T/
2024-12-30 15:07:57,803 INFO main experiment - job finished in 0 seconds at Mon Dec 30 15:07:57 2024 --  0.47  0.15  0.00  0.00 -- d679d6c1-b1c7-4a4b-8101-824d622917b9
2024-12-30 15:08:07,493 INFO main control - pipeline log is pipeline.log
2024-12-30 15:08:07,493 INFO main experiment - output generated by pipeline_oferta_laboral.py show \
                                              job started at Mon Dec 30 15:08:07 2024 on 11.local -- 02772b38-7172-41d1-8a20-e2fd1d9cbdf3 \
                                              pid: 14900, system: Darwin 21.6.0 Darwin Kernel Version 21.6.0: Mon Jun 24 00:56:10 PDT 2024; root:xnu-8020.240.18.709.2~1/RELEASE_X86_64 x86_64
2024-12-30 15:08:07,493 INFO main experiment - always_mount                            : False \
                                              cluster_memory_default                  : unlimited \
                                              cluster_memory_resource                 : None \
                                              cluster_num_jobs                        : None \
                                              cluster_options                         : None \
                                              cluster_parallel_environment            : None \
                                              cluster_priority                        : None \
                                              cluster_queue                           : None \
                                              cluster_queue_manager                   : sge \
                                              config_file                             : pipeline.yml \
                                              debug                                   : False \
                                              dry_run                                 : False \
                                              engine                                  : local \
                                              exceptions_terminate_immediately        : None \
                                              force_run                               : False \
                                              input_globs                             : [] \
                                              input_validation                        : False \
                                              is_test                                 : False \
                                              log_config_filename                     : None \
                                              log_exceptions                          : True \
                                              loglevel                                : 1 \
                                              multiprocess                            : None \
                                              only_info                               : False \
                                              pipeline_action                         : None \
                                              pipeline_format                         : svg \
                                              pipeline_logfile                        : pipeline.log \
                                              pipeline_targets                        : [] \
                                              random_seed                             : None \
                                              ruffus_checksums_level                  : 0 \
                                              shell_logfile                           : None \
                                              short_help                              : None \
                                              stderr                                  : <_io.TextIOWrapper name='<stderr>' mode='w' encoding='utf-8'> \
                                              stdin                                   : <_io.TextIOWrapper name='<stdin>' mode='r' encoding='utf-8'> \
                                              stdlog                                  : <_io.TextIOWrapper name='<stdout>' mode='w' encoding='utf-8'> \
                                              stdout                                  : <_io.TextIOWrapper name='<stdout>' mode='w' encoding='utf-8'> \
                                              terminate                               : None \
                                              timeit_file                             : None \
                                              timeit_header                           : None \
                                              timeit_name                             : all \
                                              tracing                                 : None \
                                              variables_to_set                        : [] \
                                              without_cluster                         : False \
                                              work_dir                                : None
2024-12-30 15:08:07,494 INFO main control - started in directory: /Users/antoniob/Documents/work/science/devel/github/antoniojbt/oferta_educativa_laboral/oferta_educativa_laboral/pipeline
2024-12-30 15:08:07,494 INFO main control - output generated by pipeline_oferta_laboral.py show \
                                           job started at Mon Dec 30 15:08:07 2024 on 11.local -- 02772b38-7172-41d1-8a20-e2fd1d9cbdf3 \
                                           pid: 14900, system: Darwin 21.6.0 Darwin Kernel Version 21.6.0: Mon Jun 24 00:56:10 PDT 2024; root:xnu-8020.240.18.709.2~1/RELEASE_X86_64 x86_64
2024-12-30 15:08:07,494 INFO main control - cluster                                 : {'queue': 'all.q', 'priority': -10, 'num_jobs': 100, 'memory_resource': 'mem_free', 'memory_default': 'unlimited', 'memory_ulimit': False, 'options': '', 'parallel_environment': 'dedicated', 'queue_manager': 'sge', 'tmpdir': False} \
                                           cluster_memory_default                  : 4G \
                                           cluster_memory_resource                 : mem_free \
                                           cluster_memory_ulimit                   : False \
                                           cluster_num_jobs                        : 100 \
                                           cluster_options                         :  \
                                           cluster_parallel_environment            : dedicated \
                                           cluster_priority                        : -10 \
                                           cluster_queue                           : all.q \
                                           cluster_queue_manager                   : sge \
                                           cluster_tmpdir                          : False \
                                           database                                : {'url': 'sqlite:///./csvdb'} \
                                           database_url                            : sqlite:///./csvdb \
                                           dryrun                                  : False \
                                           input_globs                             : {} \
                                           jobs_limit_R                            : 1 \
                                           jobs_limit_db                           : 10 \
                                           os                                      : Darwin \
                                           pipeline_name                           : pipeline_oferta_laboral.py \
                                           pipeline_yml                            : [] \
                                           pipelinedir                             : /Users/antoniob/Documents/work/science/devel/github/antoniojbt/oferta_educativa_laboral/oferta_educativa_laboral/pipeline \
                                           ruffus_checksums_level                  : 0 \
                                           scriptsdir                              : /Users/antoniob/mambaforge/envs/cgat/lib/python3.13/site-packages/scripts \
                                           shared_tmpdir                           : /Users/antoniob/Documents/work/science/devel/github/antoniojbt/oferta_educativa_laboral/oferta_educativa_laboral/pipeline \
                                           shell_logfile                           : None \
                                           start_dir                               : /Users/antoniob/Documents/work/science/devel/github/antoniojbt/oferta_educativa_laboral/oferta_educativa_laboral/pipeline \
                                           testing                                 : False \
                                           tmpdir                                  : /var/folders/30/kp735dw93yv6cmqfz0blfjw40000gp/T/ \
                                           toolsdir                                : /Users/antoniob/mambaforge/envs/cgat/lib/python3.13/site-packages/scripts \
                                           work_dir                                : /Users/antoniob/Documents/work/science/devel/github/antoniojbt/oferta_educativa_laboral/oferta_educativa_laboral/pipeline
2024-12-30 15:08:07,512 INFO main control - code location: /Users/antoniob/mambaforge/envs/cgat/lib/python3.13/site-packages/cgatcore/pipeline
2024-12-30 15:08:07,512 INFO main control - code version: 
2024-12-30 15:08:07,513 INFO main control - working directory is: /Users/antoniob/Documents/work/science/devel/github/antoniojbt/oferta_educativa_laboral/oferta_educativa_laboral/pipeline
2024-12-30 15:08:07,513 INFO main control - changing directory to /Users/antoniob/Documents/work/science/devel/github/antoniojbt/oferta_educativa_laboral/oferta_educativa_laboral/pipeline
2024-12-30 15:08:07,513 INFO main control - pipeline has been initialized
2024-12-30 15:08:07,513 INFO main control - temporary directory is /var/folders/30/kp735dw93yv6cmqfz0blfjw40000gp/T/
2024-12-30 15:08:07,516 INFO main experiment - job finished in 0 seconds at Mon Dec 30 15:08:07 2024 --  0.48  0.15  0.00  0.00 -- 02772b38-7172-41d1-8a20-e2fd1d9cbdf3
2024-12-30 15:08:39,422 INFO main control - pipeline log is pipeline.log
2024-12-30 15:08:39,422 INFO main experiment - output generated by pipeline_oferta_laboral.py show \
                                              job started at Mon Dec 30 15:08:39 2024 on 11.local -- 091d1549-286a-4aad-898e-2a3ff85b014b \
                                              pid: 14984, system: Darwin 21.6.0 Darwin Kernel Version 21.6.0: Mon Jun 24 00:56:10 PDT 2024; root:xnu-8020.240.18.709.2~1/RELEASE_X86_64 x86_64
2024-12-30 15:08:39,422 INFO main experiment - always_mount                            : False \
                                              cluster_memory_default                  : unlimited \
                                              cluster_memory_resource                 : None \
                                              cluster_num_jobs                        : None \
                                              cluster_options                         : None \
                                              cluster_parallel_environment            : None \
                                              cluster_priority                        : None \
                                              cluster_queue                           : None \
                                              cluster_queue_manager                   : sge \
                                              config_file                             : pipeline.yml \
                                              debug                                   : False \
                                              dry_run                                 : False \
                                              engine                                  : local \
                                              exceptions_terminate_immediately        : None \
                                              force_run                               : False \
                                              input_globs                             : [] \
                                              input_validation                        : False \
                                              is_test                                 : False \
                                              log_config_filename                     : None \
                                              log_exceptions                          : True \
                                              loglevel                                : 1 \
                                              multiprocess                            : None \
                                              only_info                               : False \
                                              pipeline_action                         : None \
                                              pipeline_format                         : svg \
                                              pipeline_logfile                        : pipeline.log \
                                              pipeline_targets                        : [] \
                                              random_seed                             : None \
                                              ruffus_checksums_level                  : 0 \
                                              shell_logfile                           : None \
                                              short_help                              : None \
                                              stderr                                  : <_io.TextIOWrapper name='<stderr>' mode='w' encoding='utf-8'> \
                                              stdin                                   : <_io.TextIOWrapper name='<stdin>' mode='r' encoding='utf-8'> \
                                              stdlog                                  : <_io.TextIOWrapper name='<stdout>' mode='w' encoding='utf-8'> \
                                              stdout                                  : <_io.TextIOWrapper name='<stdout>' mode='w' encoding='utf-8'> \
                                              terminate                               : None \
                                              timeit_file                             : None \
                                              timeit_header                           : None \
                                              timeit_name                             : all \
                                              tracing                                 : None \
                                              variables_to_set                        : [] \
                                              without_cluster                         : False \
                                              work_dir                                : None
2024-12-30 15:08:39,423 INFO main control - started in directory: /Users/antoniob/Documents/work/science/devel/github/antoniojbt/oferta_educativa_laboral/oferta_educativa_laboral/pipeline
2024-12-30 15:08:39,423 INFO main control - output generated by pipeline_oferta_laboral.py show \
                                           job started at Mon Dec 30 15:08:39 2024 on 11.local -- 091d1549-286a-4aad-898e-2a3ff85b014b \
                                           pid: 14984, system: Darwin 21.6.0 Darwin Kernel Version 21.6.0: Mon Jun 24 00:56:10 PDT 2024; root:xnu-8020.240.18.709.2~1/RELEASE_X86_64 x86_64
2024-12-30 15:08:39,423 INFO main control - cluster                                 : {'queue': 'all.q', 'priority': -10, 'num_jobs': 100, 'memory_resource': 'mem_free', 'memory_default': 'unlimited', 'memory_ulimit': False, 'options': '', 'parallel_environment': 'dedicated', 'queue_manager': 'sge', 'tmpdir': False} \
                                           cluster_memory_default                  : 4G \
                                           cluster_memory_resource                 : mem_free \
                                           cluster_memory_ulimit                   : False \
                                           cluster_num_jobs                        : 100 \
                                           cluster_options                         :  \
                                           cluster_parallel_environment            : dedicated \
                                           cluster_priority                        : -10 \
                                           cluster_queue                           : all.q \
                                           cluster_queue_manager                   : sge \
                                           cluster_tmpdir                          : False \
                                           database                                : {'url': 'sqlite:///./csvdb'} \
                                           database_url                            : sqlite:///./csvdb \
                                           dryrun                                  : False \
                                           input_globs                             : {} \
                                           jobs_limit_R                            : 1 \
                                           jobs_limit_db                           : 10 \
                                           os                                      : Darwin \
                                           pipeline_name                           : pipeline_oferta_laboral.py \
                                           pipeline_yml                            : [] \
                                           pipelinedir                             : /Users/antoniob/Documents/work/science/devel/github/antoniojbt/oferta_educativa_laboral/oferta_educativa_laboral/pipeline \
                                           ruffus_checksums_level                  : 0 \
                                           scriptsdir                              : /Users/antoniob/mambaforge/envs/cgat/lib/python3.13/site-packages/scripts \
                                           shared_tmpdir                           : /Users/antoniob/Documents/work/science/devel/github/antoniojbt/oferta_educativa_laboral/oferta_educativa_laboral/pipeline \
                                           shell_logfile                           : None \
                                           start_dir                               : /Users/antoniob/Documents/work/science/devel/github/antoniojbt/oferta_educativa_laboral/oferta_educativa_laboral/pipeline \
                                           testing                                 : False \
                                           tmpdir                                  : /var/folders/30/kp735dw93yv6cmqfz0blfjw40000gp/T/ \
                                           toolsdir                                : /Users/antoniob/mambaforge/envs/cgat/lib/python3.13/site-packages/scripts \
                                           work_dir                                : /Users/antoniob/Documents/work/science/devel/github/antoniojbt/oferta_educativa_laboral/oferta_educativa_laboral/pipeline
2024-12-30 15:08:39,441 INFO main control - code location: /Users/antoniob/mambaforge/envs/cgat/lib/python3.13/site-packages/cgatcore/pipeline
2024-12-30 15:08:39,442 INFO main control - code version: 
2024-12-30 15:08:39,442 INFO main control - working directory is: /Users/antoniob/Documents/work/science/devel/github/antoniojbt/oferta_educativa_laboral/oferta_educativa_laboral/pipeline
2024-12-30 15:08:39,442 INFO main control - changing directory to /Users/antoniob/Documents/work/science/devel/github/antoniojbt/oferta_educativa_laboral/oferta_educativa_laboral/pipeline
2024-12-30 15:08:39,442 INFO main control - pipeline has been initialized
2024-12-30 15:08:39,443 INFO main control - temporary directory is /var/folders/30/kp735dw93yv6cmqfz0blfjw40000gp/T/
2024-12-30 15:08:39,446 INFO main experiment - job finished in 0 seconds at Mon Dec 30 15:08:39 2024 --  0.51  0.16  0.00  0.00 -- 091d1549-286a-4aad-898e-2a3ff85b014b
